[2025-04-02 07:25:39] SMS Request: {"username":"immunization","to":"+254112532012,+254101213596,+0732511372,+0732511372,+254751090407","message":"Dear Guardian, this is a reminder that your child has an upcoming vaccination appointment. Please ensure you attend on the scheduled date."}
[2025-04-02 07:25:39] SMS Result: {"status":"success","data":{"SMSMessageData":{"Message":"Sent to 2\/4 Total Cost: KES 1.6000","Recipients":[{"cost":"0","messageId":"None","number":"+0732511372","status":"InvalidPhoneNumber","statusCode":403},{"cost":"KES 0.8000","messageId":"ATXid_c273a89ef337d14e4e826f02c3b9c8cf","messageParts":1,"number":"+254751090407","status":"Success","statusCode":100},{"cost":"KES 0.8000","messageId":"ATXid_b257a36c1418e6196696d9fb86336371","messageParts":1,"number":"+254101213596","status":"Success","statusCode":100},{"cost":"0","messageId":"None","number":"+254112532012","status":"UserInBlacklist","statusCode":406}]}}}
[2025-04-02 07:29:06] SMS Request: {"username":"immunization","to":"+254112532012,+254101213596,+0732511372,+0732511372,+254751090407","message":"Dear Guardian, we've noticed that your child missed their scheduled vaccination. Please contact us to reschedule at your earliest convenience."}
[2025-04-02 07:29:06] SMS Result: {"status":"success","data":{"SMSMessageData":{"Message":"Sent to 2\/4 Total Cost: KES 1.6000","Recipients":[{"cost":"0","messageId":"None","number":"+0732511372","status":"InvalidPhoneNumber","statusCode":403},{"cost":"KES 0.8000","messageId":"ATXid_afce3957c05f08c8fdc2f9e3c343350f","messageParts":1,"number":"+254751090407","status":"Success","statusCode":100},{"cost":"KES 0.8000","messageId":"ATXid_e19b863bfc167c7cc08953423c1c3a04","messageParts":1,"number":"+254101213596","status":"Success","statusCode":100},{"cost":"0","messageId":"None","number":"+254112532012","status":"UserInBlacklist","statusCode":406}]}}}
[2025-04-02 07:30:42] SMS Request: {"username":"immunization","to":"+254751090407","message":"Dear Guardian, your child's vaccination appointment has been rescheduled. Please contact us for more details."}
[2025-04-02 07:30:42] SMS Result: {"status":"success","data":{"SMSMessageData":{"Message":"Sent to 1\/1 Total Cost: KES 0.8000","Recipients":[{"cost":"KES 0.8000","messageId":"ATXid_fe7e347b0910f7132eac5fb6f9b926a8","messageParts":1,"number":"+254751090407","status":"Success","statusCode":100}]}}}
[2025-04-02 07:39:57] SMS Request: {"username":"immunization","to":"+254112532012,+254101213596,+0732511372,+0732511372,+254751090407","message":"Dear Guardian, this is a reminder that your child has an upcoming vaccination appointment. Please ensure you attend on the scheduled date."}
[2025-04-02 07:39:57] SMS Result: {"status":"success","data":{"SMSMessageData":{"Message":"Sent to 2\/4 Total Cost: KES 1.6000","Recipients":[{"cost":"0","messageId":"None","number":"+0732511372","status":"InvalidPhoneNumber","statusCode":403},{"cost":"KES 0.8000","messageId":"ATXid_69a4c31ce1775ea25838af244bed195b","messageParts":1,"number":"+254751090407","status":"Success","statusCode":100},{"cost":"KES 0.8000","messageId":"ATXid_a2be7fc08a1f9eab929a393708eb51fa","messageParts":1,"number":"+254101213596","status":"Success","statusCode":100},{"cost":"0","messageId":"None","number":"+254112532012","status":"UserInBlacklist","statusCode":406}]}}}
[2025-04-02 07:55:28] SMS Request: {"username":"immunization","to":"+254732511372","message":"Dear Guardian, this is a reminder that your child has an upcoming vaccination appointment. Please ensure you attend on the scheduled date."}
[2025-04-02 07:55:28] SMS Result: {"status":"success","data":{"SMSMessageData":{"Message":"Sent to 1\/1 Total Cost: KES 0.8000","Recipients":[{"cost":"KES 0.8000","messageId":"ATXid_38995ab11b89995b296348467ada0baf","messageParts":1,"number":"+254732511372","status":"Success","statusCode":100}]}}}
[2025-04-02 07:56:18] SMS Request: {"username":"immunization","to":"+254732511372","message":"Dear Guardian, your child's vaccination appointment has been rescheduled. Please contact us for more details."}
[2025-04-02 07:56:18] SMS Result: {"status":"success","data":{"SMSMessageData":{"Message":"InvalidSenderId","Recipients":[]}}}
[2025-04-02 08:03:19] SMS Request: {"username":"immunization","to":"+254732511372","message":"Dear Guardian, we've noticed that your child missed their scheduled vaccination. Please contact us to reschedule at your earliest convenience."}
[2025-04-02 08:03:19] SMS Result: {"status":"success","data":{"SMSMessageData":{"Message":"InvalidSenderId","Recipients":[]}}}
[2025-04-02 08:07:06] SMS Request: {"username":"immunization","to":"+254732511372","message":"Dear Guardian, we've noticed that your child missed their scheduled vaccination. Please contact us to reschedule at your earliest convenience."}
[2025-04-02 08:07:06] SMS Result: {"status":"success","data":{"SMSMessageData":{"Message":"InvalidSenderId","Recipients":[]}}}
[2025-04-02 08:07:48] SMS Request: {"username":"immunization","to":"+254732511372,+254751090407","message":"TESTING 12"}
[2025-04-02 08:07:48] SMS Result: {"status":"success","data":{"SMSMessageData":{"Message":"InvalidSenderId","Recipients":[]}}}
[2025-04-02 08:09:19] SMS Request: {"username":"immunization","to":"+254732511372","message":"Dear Guardian, this is a reminder that your child has an upcoming vaccination appointment. Please ensure you attend on the scheduled date."}
[2025-04-02 08:09:19] SMS Result: {"status":"success","data":{"SMSMessageData":{"Message":"InvalidSenderId","Recipients":[]}}}
[2025-04-02 23:54:48] SMS Request: {"username":"immunization","to":"+254751090407","message":"Dear Guardian, this is a reminder that your child has an upcoming vaccination appointment. Please ensure you attend on the scheduled date."}
[2025-04-02 23:54:48] SMS Result: {"status":"success","data":{"SMSMessageData":{"Message":"InvalidSenderId","Recipients":[]}}}
[2025-04-02 23:57:14] SMS Request: {"username":"immunization","to":"+254732511372","message":"Dear Guardian, this is a reminder that your child has an upcoming vaccination appointment. Please ensure you attend on the scheduled date."}
[2025-04-02 23:57:14] SMS Result: {"status":"success","data":{"SMSMessageData":{"Message":"InvalidSenderId","Recipients":[]}}}
[2025-04-03 00:11:47] SMS Request: {"username":"immunization","to":"+254732511372,+254751090407","message":"Dear Guardian, we've noticed that your child missed their scheduled vaccination. Please contact us to reschedule at your earliest convenience."}
[2025-04-03 00:11:47] SMS Result: {"status":"success","data":{"SMSMessageData":{"Message":"InvalidSenderId","Recipients":[]}}}
[2025-04-03 00:18:51] SMS Request: {"username":"immunization","to":"+254751090407","message":"Dear Guardian, your child's vaccination appointment has been rescheduled. Please contact us for more details."}
[2025-04-03 00:18:51] SMS Result: {"status":"success","data":{"SMSMessageData":{"Message":"Sent to 1\/1 Total Cost: KES 0.8000","Recipients":[{"cost":"KES 0.8000","messageId":"ATXid_6cd54dbfa9fac9d3298eeee6a89d7bc0","messageParts":1,"number":"+254751090407","status":"Success","statusCode":100}]}}}
[2025-04-03 00:25:04] SMS Request: {"username":"immunization","to":"+254751090407","message":"Dear Terry Gathoni, this is a reminder that your child Dennis Saitabau Ntete has an upcoming vaccination appointment. Please ensure you attend on the scheduled date."}
[2025-04-03 00:25:04] SMS Result: {"status":"success","data":{"SMSMessageData":{"Message":"Sent to 1\/1 Total Cost: KES 1.6000","Recipients":[{"cost":"KES 1.6000","messageId":"ATXid_9235ca3e05f5cdda08f4ca25bd000cd4","messageParts":2,"number":"+254751090407","status":"Success","statusCode":100}]}}}
[2025-04-03 00:26:04] SMS Request: {"username":"immunization","to":"+254732511372","message":"Dear Terry Wainaina, we've noticed that your child Dennis Saitabau missed their scheduled vaccination. Please contact us to reschedule at your earliest convenience."}
[2025-04-03 00:26:04] SMS Result: {"status":"success","data":{"SMSMessageData":{"Message":"Sent to 1\/1 Total Cost: KES 1.6000","Recipients":[{"cost":"KES 1.6000","messageId":"ATXid_ae63729b1908214fcaa0ed2951c1d087","messageParts":2,"number":"+254732511372","status":"Success","statusCode":100}]}}}
[2025-04-03 00:26:11] SMS Request: {"username":"immunization","to":"+254751090407","message":"Dear Terry Gathoni, we've noticed that your child Dennis Saitabau Ntete missed their scheduled vaccination. Please contact us to reschedule at your earliest convenience."}
[2025-04-03 00:26:11] SMS Result: {"status":"success","data":{"SMSMessageData":{"Message":"Sent to 1\/1 Total Cost: KES 1.6000","Recipients":[{"cost":"KES 1.6000","messageId":"ATXid_29cf7ea6d559b110d45ff92713de7a34","messageParts":2,"number":"+254751090407","status":"Success","statusCode":100}]}}}
[2025-04-03 01:21:06] SMS Request: {"username":"immunization","to":"+254751090407","message":"TESTING 12"}
[2025-04-03 01:21:06] SMS Result: {"status":"success","data":{"SMSMessageData":{"Message":"Sent to 1\/1 Total Cost: KES 0.8000","Recipients":[{"cost":"KES 0.8000","messageId":"ATXid_8c410ef6769b1bc430b5a3bcd24dc8b8","messageParts":1,"number":"+254751090407","status":"Success","statusCode":100}]}}}
